Info:  Net Imp:/WORK/ALU_DATA_WIDTH8_FUNC_WIDTH4_DW_div_uns_0/remainder[7] is undriven.
Info:  Net Imp:/WORK/ALU_DATA_WIDTH8_FUNC_WIDTH4_DW_div_uns_0/remainder[6] is undriven.
Info:  Net Imp:/WORK/ALU_DATA_WIDTH8_FUNC_WIDTH4_DW_div_uns_0/remainder[5] is undriven.
Info:  Net Imp:/WORK/ALU_DATA_WIDTH8_FUNC_WIDTH4_DW_div_uns_0/remainder[4] is undriven.
Info:  Net Imp:/WORK/ALU_DATA_WIDTH8_FUNC_WIDTH4_DW_div_uns_0/remainder[3] is undriven.
Info:  Net Imp:/WORK/ALU_DATA_WIDTH8_FUNC_WIDTH4_DW_div_uns_0/remainder[2] is undriven.
Info:  Net Imp:/WORK/ALU_DATA_WIDTH8_FUNC_WIDTH4_DW_div_uns_0/remainder[1] is undriven.
Info:  Net Imp:/WORK/ALU_DATA_WIDTH8_FUNC_WIDTH4_DW_div_uns_0/remainder[0] is undriven.
Info:  Net Imp:/WORK/ALU_DATA_WIDTH8_FUNC_WIDTH4_DW_div_uns_0/divide_by_0 is undriven.
Info:  Net Imp:/WORK/ALU_DATA_WIDTH8_FUNC_WIDTH4_DW01_sub_0/CO is undriven.
Info:  Net Imp:/WORK/ALU_DATA_WIDTH8_FUNC_WIDTH4_DW01_add_0/CO is undriven.
Info:  Net Imp:/WORK/ALU_DATA_WIDTH8_FUNC_WIDTH4_DW01_add_1/CO is undriven.
Info:  guide_uniquify 86 (Line: 618)  Cannot find object "ALU/dp_cluster_0/mult_39" in design 'SYS_TOP'.
Info:  SVF Operation 86 (Line: 618) - uniquify.  Status: rejected
Info:  guide_uniquify 87 (Line: 622)  Cannot find object "UART_TX_Clock_Divider/dp_cluster_0/mult_add_31_aco" in design 'SYS_TOP'.
Info:  SVF Operation 87 (Line: 622) - uniquify.  Status: rejected
Info:  guide_uniquify 88 (Line: 626)  Cannot find object "UART_RX_Clock_Divider/dp_cluster_0/mult_add_31_aco" in design 'SYS_TOP'.
Info:  Pre-verification of REF:/WORK/ALU_DATA_WIDTH8_FUNC_WIDTH4/div_40 SUCCEEDED.
Info:  Pre-verification of REF:/WORK/ALU_DATA_WIDTH8_FUNC_WIDTH4/mult_39 SUCCEEDED.
Info:  Pre-verification of REF:/WORK/ClkDiv_Width6/mult_add_31_aco SUCCEEDED.
Info:  Pre-verification of REF:/WORK/ClkDiv_Width8/mult_add_31_aco SUCCEEDED.
