Warning: Design 'SYS_TOP' has '2' unresolved references. For more detailed information, use the "link" command. (UID-341)
 
****************************************
Report : clocks
Design : SYS_TOP
Version: K-2015.06
Date   : Mon Sep  9 07:03:59 2024
****************************************

Attributes:
    d - dont_touch_network
    f - fix_hold
    p - propagated_clock
    G - generated_clock
    g - lib_generated_clock

Clock          Period   Waveform            Attrs     Sources
--------------------------------------------------------------------------------
ALU_CLK         10.00   {0 5}               G d       {ALU_CLOCK/GATED_CLK}
REF_CLK         10.00   {0 5}               d         {REF_CLK}
SCAN_CLK       100.00   {0 50}              d         {scan_clk}
TX_CLK        8680.54   {0 4340.27}         G d       {UART_TX_Clock_Divider/o_div_clk}
UART_CLK       271.27   {0 135.633}         d         {UART_CLK}
--------------------------------------------------------------------------------

Generated     Master         Generated      Master         Waveform
Clock         Source         Source         Clock          Modification
--------------------------------------------------------------------------------
ALU_CLK       REF_CLK        {ALU_CLOCK/GATED_CLK}
                                            REF_CLK        divide_by(1)
TX_CLK        UART_CLK       {UART_TX_Clock_Divider/o_div_clk}
                                            UART_CLK       divide_by(32)
--------------------------------------------------------------------------------
1
